
Book モデルに関するテスト
  実際に保存してみる
[32m    有効な投稿内容の場合は保存されるか[0m
  空白のバリデーションチェック
[32m    titleが空白の場合にバリデーションチェックされ空白のエラーメッセージが返ってきているか[0m
[32m    bodyが空白の場合にバリデーションチェックされ空白のエラーメッセージが返ってきているか[0m
  titleを空白で投稿した場合に画面にエラーメッセージが表示されているか
[32m    エラーメッセージは正しく表示されるか[0m
  bodyを空白で投稿した場合に画面にエラーメッセージが表示されているか
[32m    エラーメッセージは正しく表示されるか[0m

投稿のテスト
  トップ画面(root_path)のテスト
    表示の確認
[31m      トップ画面(root_path)に一覧ページへのリンクが表示されているか (FAILED - 1)[0m
[31m      root_pathが"/"であるか (FAILED - 2)[0m
  一覧画面のテスト
    一覧の表示とリンクの確認
[31m      bookの一覧表示(tableタグ)と投稿フォームが同一画面に表示されているか (FAILED - 3)[0m
[31m      bookのタイトルと感想を表示し、詳細・編集・削除のリンクが表示されているか (FAILED - 4)[0m
[32m      Create Bookボタンが表示される[0m
    投稿処理に関するテスト
[32m      投稿に成功しサクセスメッセージが表示されるか[0m
[31m      投稿に失敗する (FAILED - 5)[0m
[32m      投稿後のリダイレクト先は正しいか[0m
    book削除のテスト
[32m      bookの削除[0m
  詳細画面のテスト
    表示の確認
[32m      本のタイトルと感想が画面に表示されていること[0m
[32m      Editリンクが表示される[0m
[32m      Backリンクが表示される[0m
    リンクの遷移先の確認
[32m      Editの遷移先は編集画面か[0m
[32m      Backの遷移先は一覧画面か[0m
  編集画面のテスト
    表示の確認
[32m      編集前のタイトルと感想がフォームに表示(セット)されている[0m
[32m      Update Bookボタンが表示される[0m
[32m      Showリンクが表示される[0m
[32m      Backリンクが表示される[0m
    リンクの遷移先の確認
[32m      Showの遷移先は詳細画面か[0m
[32m      Backの遷移先は一覧画面か[0m
    更新処理に関するテスト
[32m      更新に成功しサクセスメッセージが表示されるか[0m
[31m      更新に失敗しエラーメッセージが表示されるか (FAILED - 6)[0m
[32m      更新後のリダイレクト先は正しいか[0m

Failures:

  1) 投稿のテスト トップ画面(root_path)のテスト 表示の確認 トップ画面(root_path)に一覧ページへのリンクが表示されているか
     [31mFailure/Error: visit root_path[0m
     [31m[0m
     [31mNameError:[0m
     [31m  undefined local variable or method `root_path' for #<RSpec::ExampleGroups::Nested::RootPath::Nested:0x0000000006eeb258>[0m
     [36m# ./spec/system/books_spec.rb:7:in `block (3 levels) in <main>'[0m

  2) 投稿のテスト トップ画面(root_path)のテスト 表示の確認 root_pathが"/"であるか
     [31mFailure/Error: visit root_path[0m
     [31m[0m
     [31mNameError:[0m
     [31m  undefined local variable or method `root_path' for #<RSpec::ExampleGroups::Nested::RootPath::Nested:0x0000000006efdf48>[0m
     [36m# ./spec/system/books_spec.rb:7:in `block (3 levels) in <main>'[0m

  3) 投稿のテスト 一覧画面のテスト 一覧の表示とリンクの確認 bookの一覧表示(tableタグ)と投稿フォームが同一画面に表示されているか
     [31mFailure/Error: expect(page).to have_selector 'table'[0m
     [31m  expected to find css "table" but there were no matches[0m
     [36m# ./spec/system/books_spec.rb:24:in `block (4 levels) in <main>'[0m

  4) 投稿のテスト 一覧画面のテスト 一覧の表示とリンクの確認 bookのタイトルと感想を表示し、詳細・編集・削除のリンクが表示されているか
     [31mFailure/Error: expect(show_link.native.inner_text).to match(/show/i)[0m
     [31m[0m
     [31m  expected "詳細" to match /show/i[0m
     [31m  Diff:[0m[0m
     [31m  [0m[34m@@ -1 +1 @@[0m
     [31m  [0m[31m-/show/i[0m
     [31m  [0m[32m+"詳細"[0m
     [31m  [0m[0m
     [36m# ./spec/system/books_spec.rb:39:in `block (5 levels) in <main>'[0m
     [36m# ./spec/system/books_spec.rb:33:in `each_with_index'[0m
     [36m# ./spec/system/books_spec.rb:33:in `block (4 levels) in <main>'[0m

  5) 投稿のテスト 一覧画面のテスト 投稿処理に関するテスト 投稿に失敗する
     [31mFailure/Error: expect(page).to have_content 'error'[0m
     [31m  expected to find text "error" in "Books\nTitle\nBody\nhoge\nbody\n詳細 編集 削除\nNew book\nTitle can't be blank Body can't be blank\nTitle\nBody"[0m
     [36m# ./spec/system/books_spec.rb:64:in `block (4 levels) in <main>'[0m

  6) 投稿のテスト 編集画面のテスト 更新処理に関するテスト 更新に失敗しエラーメッセージが表示されるか
     [31mFailure/Error: expect(page).to have_content 'error'[0m
     [31m  expected to find text "error" in "Book was successfully created.\nTitle:hoge\nBody:body\nEdit Back"[0m
     [36m# ./spec/system/books_spec.rb:156:in `block (4 levels) in <main>'[0m

Finished in 0.65954 seconds (files took 1.08 seconds to load)
[31m28 examples, 6 failures[0m

Failed examples:

[31mrspec ./spec/system/books_spec.rb:10[0m [36m# 投稿のテスト トップ画面(root_path)のテスト 表示の確認 トップ画面(root_path)に一覧ページへのリンクが表示されているか[0m
[31mrspec ./spec/system/books_spec.rb:13[0m [36m# 投稿のテスト トップ画面(root_path)のテスト 表示の確認 root_pathが"/"であるか[0m
[31mrspec ./spec/system/books_spec.rb:23[0m [36m# 投稿のテスト 一覧画面のテスト 一覧の表示とリンクの確認 bookの一覧表示(tableタグ)と投稿フォームが同一画面に表示されているか[0m
[31mrspec ./spec/system/books_spec.rb:28[0m [36m# 投稿のテスト 一覧画面のテスト 一覧の表示とリンクの確認 bookのタイトルと感想を表示し、詳細・編集・削除のリンクが表示されているか[0m
[31mrspec ./spec/system/books_spec.rb:62[0m [36m# 投稿のテスト 一覧画面のテスト 投稿処理に関するテスト 投稿に失敗する[0m
[31mrspec ./spec/system/books_spec.rb:152[0m [36m# 投稿のテスト 編集画面のテスト 更新処理に関するテスト 更新に失敗しエラーメッセージが表示されるか[0m

